2023-07-07 15:48:52,686 INFO o.a.j.u.JMeterUtils: Setting Locale to en_IN
2023-07-07 15:48:52,746 INFO o.a.j.JMeter: Loading user properties from: user.properties
2023-07-07 15:48:52,748 INFO o.a.j.JMeter: Loading system properties from: system.properties
2023-07-07 15:48:52,749 INFO o.a.j.JMeter: Setting JMeter property: jmeter.save.saveservice.output_format=csv
2023-07-07 15:48:52,749 INFO o.a.j.JMeter: Setting JMeter property: jmeter.save.saveservice.assertion_results=all
2023-07-07 15:48:52,749 INFO o.a.j.JMeter: Setting JMeter property: jmeter.save.saveservice.thread_counts=true
2023-07-07 15:48:52,749 INFO o.a.j.JMeter: Setting JMeter property: jmeter.save.saveservice.bytes=true
2023-07-07 15:48:52,749 INFO o.a.j.JMeter: Setting JMeter property: jmeter.save.saveservice.response_data.on_error=true
2023-07-07 15:48:52,750 INFO o.a.j.JMeter: Setting JMeter property: threadgroup.count=2
2023-07-07 15:48:52,750 INFO o.a.j.JMeter: Setting JMeter property: threadgroup.rampup=2
2023-07-07 15:48:52,750 INFO o.a.j.JMeter: Setting JMeter property: threadgroup.duration=60
2023-07-07 15:48:52,759 INFO o.a.j.JMeter: Copyright (c) 1998-2022 The Apache Software Foundation
2023-07-07 15:48:52,759 INFO o.a.j.JMeter: Version 5.5
2023-07-07 15:48:52,759 INFO o.a.j.JMeter: java.version=11
2023-07-07 15:48:52,759 INFO o.a.j.JMeter: java.vm.name=Java HotSpot(TM) 64-Bit Server VM
2023-07-07 15:48:52,759 INFO o.a.j.JMeter: os.name=Windows 10
2023-07-07 15:48:52,759 INFO o.a.j.JMeter: os.arch=amd64
2023-07-07 15:48:52,759 INFO o.a.j.JMeter: os.version=10.0
2023-07-07 15:48:52,759 INFO o.a.j.JMeter: file.encoding=Cp1252
2023-07-07 15:48:52,759 INFO o.a.j.JMeter: java.awt.headless=true
2023-07-07 15:48:52,759 INFO o.a.j.JMeter: Max memory     =5368709120
2023-07-07 15:48:52,759 INFO o.a.j.JMeter: Available Processors =8
2023-07-07 15:48:52,771 INFO o.a.j.JMeter: Default Locale=English (India)
2023-07-07 15:48:52,771 INFO o.a.j.JMeter: JMeter  Locale=English (India)
2023-07-07 15:48:52,771 INFO o.a.j.JMeter: JMeterHome=C:\Users\asitbarana.m\Desktop\apache-jmeter-5.5
2023-07-07 15:48:52,771 INFO o.a.j.JMeter: user.dir  =C:\Users\asitbarana.m\Desktop\apache-jmeter-5.5\bin
2023-07-07 15:48:52,771 INFO o.a.j.JMeter: PWD       =C:\Users\asitbarana.m\Desktop\apache-jmeter-5.5\bin
2023-07-07 15:48:57,449 INFO o.a.j.JMeter: IP: 192.168.1.38 Name: CLAP1606 FullName: CLAP1606.prodapt.com
2023-07-07 15:48:57,477 INFO o.a.j.s.FileServer: Default base='C:\Users\asitbarana.m\Desktop\apache-jmeter-5.5\bin'
2023-07-07 15:48:57,478 INFO o.a.j.s.FileServer: Set new base='C:\Users\asitbarana.m\Desktop\jmeter-ant-master\test'
2023-07-07 15:48:57,660 INFO o.a.j.s.SaveService: Testplan (JMX) version: 2.2. Testlog (JTL) version: 2.2
2023-07-07 15:48:57,685 INFO o.a.j.s.SaveService: Using SaveService properties version 5.0
2023-07-07 15:48:57,690 INFO o.a.j.s.SaveService: Using SaveService properties file encoding UTF-8
2023-07-07 15:48:57,694 INFO o.a.j.s.SaveService: Loading file: C:\Users\asitbarana.m\Desktop\jmeter-ant-master\test\tag.jmx
2023-07-07 15:48:57,741 INFO o.a.j.p.h.c.CookieManager: Settings: Delete null: true Check: true Allow variable: true Save: false Prefix: COOKIE_
2023-07-07 15:48:57,772 INFO o.a.j.JMeter: Creating summariser <summary>
2023-07-07 15:48:57,791 INFO o.a.j.e.StandardJMeterEngine: Running the test!
2023-07-07 15:48:57,792 INFO o.a.j.s.SampleEvent: List of sample_variables: []
2023-07-07 15:48:57,792 INFO o.a.j.s.SampleEvent: List of sample_variables: []
2023-07-07 15:48:57,803 INFO o.a.j.e.u.CompoundVariable: Note: Function class names must contain the string: '.functions.'
2023-07-07 15:48:57,803 INFO o.a.j.e.u.CompoundVariable: Note: Function class names must not contain the string: '.gui.'
2023-07-07 15:48:58,161 INFO o.a.j.JMeter: Running test (1688737738161)
2023-07-07 15:48:58,184 INFO o.a.j.e.StandardJMeterEngine: Starting ThreadGroup: 1 : Test Case 1: Perf Test
2023-07-07 15:48:58,184 INFO o.a.j.e.StandardJMeterEngine: Starting 2 threads for group Test Case 1: Perf Test.
2023-07-07 15:48:58,184 INFO o.a.j.e.StandardJMeterEngine: Thread will continue on error
2023-07-07 15:48:58,184 INFO o.a.j.t.ThreadGroup: Starting thread group... number=1 threads=2 ramp-up=2 delayedStart=true
2023-07-07 15:48:58,185 INFO o.a.j.t.ThreadGroup: Started thread group number 1
2023-07-07 15:48:58,185 INFO o.a.j.e.StandardJMeterEngine: All thread groups have been started
2023-07-07 15:48:58,195 INFO o.a.j.t.JMeterThread: Thread started: Test Case 1: Perf Test 1-1
2023-07-07 15:48:58,796 INFO o.a.j.s.SampleResult: Note: Sample TimeStamps are START times
2023-07-07 15:48:58,797 INFO o.a.j.s.SampleResult: sampleresult.default.encoding is set to ISO-8859-1
2023-07-07 15:48:58,797 INFO o.a.j.s.SampleResult: sampleresult.useNanoTime=true
2023-07-07 15:48:58,797 INFO o.a.j.s.SampleResult: sampleresult.nanoThreadSleep=5000
2023-07-07 15:49:00,189 INFO o.a.j.t.JMeterThread: Thread started: Test Case 1: Perf Test 1-2
2023-07-07 15:49:00,626 INFO o.a.j.r.Summariser: summary +      4 in 00:00:02 =    1.6/s Avg:     0 Min:     0 Max:     2 Err:     0 (0.00%) Active: 2 Started: 2 Finished: 0
2023-07-07 15:49:30,044 INFO o.a.j.r.Summariser: summary +    118 in 00:00:29 =    4.0/s Avg:     0 Min:     0 Max:     1 Err:     0 (0.00%) Active: 2 Started: 2 Finished: 0
2023-07-07 15:49:30,045 INFO o.a.j.r.Summariser: summary =    122 in 00:00:32 =    3.8/s Avg:     0 Min:     0 Max:     2 Err:     0 (0.00%)
2023-07-07 15:49:57,754 INFO o.a.j.t.JMeterThread: Thread finished: Test Case 1: Perf Test 1-1
2023-07-07 15:49:57,918 INFO o.a.j.t.JMeterThread: Thread finished: Test Case 1: Perf Test 1-2
2023-07-07 15:49:57,919 INFO o.a.j.e.StandardJMeterEngine: Notifying test listeners of end of test
2023-07-07 15:49:57,922 INFO o.a.j.r.Summariser: summary +    109 in 00:00:28 =    3.9/s Avg:     0 Min:     0 Max:     1 Err:     0 (0.00%) Active: 0 Started: 2 Finished: 2
2023-07-07 15:49:57,923 INFO o.a.j.r.Summariser: summary =    231 in 00:01:00 =    3.9/s Avg:     0 Min:     0 Max:     2 Err:     0 (0.00%)
